<?xml version="1.0" encoding="UTF-8"?>
<!-- Generated by org.testng.reporters.JUnitXMLReporter -->
<testsuite hostname="Testriq-L17" ignored="0" name="Prod_MonitorUIPageTest" tests="11" failures="0" timestamp="25 Mar 2020 08:13:59 GMT" time="88.093" errors="0">
  <testcase name="clickOnProd_DefaultLocationAndGeostixAutomation" time="34.265" classname="com.qa.Prod_IgniteUIPageTestcases.Prod_MonitorUIPageTest"/>
  <testcase name="GoToMonitorTab" time="2.984" classname="com.qa.Prod_IgniteUIPageTestcases.Prod_MonitorUIPageTest"/>
  <testcase name="VerifyMonitorsTab" time="8.596" classname="com.qa.Prod_IgniteUIPageTestcases.Prod_MonitorUIPageTest"/>
  <testcase name="VerifyMonitor_ReviewMonitorTab" time="2.947" classname="com.qa.Prod_IgniteUIPageTestcases.Prod_MonitorUIPageTest"/>
  <testcase name="ClickOnMonitor_JobSchedulerTab" time="2.092" classname="com.qa.Prod_IgniteUIPageTestcases.Prod_MonitorUIPageTest"/>
  <testcase name="VerifyMonitor_JobSchedulerTab_generalSettings" time="4.197" classname="com.qa.Prod_IgniteUIPageTestcases.Prod_MonitorUIPageTest"/>
  <testcase name="VerifyMonitor_JobSchedulerTab_AcquisitionSettings" time="2.451" classname="com.qa.Prod_IgniteUIPageTestcases.Prod_MonitorUIPageTest"/>
  <testcase name="VerifyMonitor_JobSchedulerTab_MatchSettings" time="2.25" classname="com.qa.Prod_IgniteUIPageTestcases.Prod_MonitorUIPageTest"/>
  <testcase name="VerifyMonitor_JobSchedulerTab_ClaimingSettings" time="2.283" classname="com.qa.Prod_IgniteUIPageTestcases.Prod_MonitorUIPageTest"/>
  <testcase name="ClickOnMonitor_ConfigurationTab" time="2.114" classname="com.qa.Prod_IgniteUIPageTestcases.Prod_MonitorUIPageTest"/>
  <testcase name="VerifyMonitor_ConfigurationTab" time="3.625" classname="com.qa.Prod_IgniteUIPageTestcases.Prod_MonitorUIPageTest"/>
</testsuite> <!-- Prod_MonitorUIPageTest -->
