<?xml version="1.0" encoding="UTF-8"?>
<!-- Generated by org.testng.reporters.JUnitXMLReporter -->
<testsuite hostname="Testriq-L17" ignored="0" name="Prod_LeadsUIPageTest" tests="31" failures="0" timestamp="25 Mar 2020 08:10:01 GMT" time="301.159" errors="0">
  <testcase name="clickOnProd_DefaultLocationAndGeostixAutomation" time="32.885" classname="com.qa.Prod_IgniteUIPageTestcases.Prod_LeadsUIPageTest"/>
  <testcase name="GoToLeadsTab" time="3.152" classname="com.qa.Prod_IgniteUIPageTestcases.Prod_LeadsUIPageTest"/>
  <testcase name="VerifyLeads_SubscribersTab" time="6.988" classname="com.qa.Prod_IgniteUIPageTestcases.Prod_LeadsUIPageTest"/>
  <testcase name="VerifyLeads_Subscribers_AddNewSubscribers" time="3.795" classname="com.qa.Prod_IgniteUIPageTestcases.Prod_LeadsUIPageTest"/>
  <testcase name="ClickOnLead_Messages" time="2.125" classname="com.qa.Prod_IgniteUIPageTestcases.Prod_LeadsUIPageTest"/>
  <testcase name="VerifyLead_Messages" time="13.61" classname="com.qa.Prod_IgniteUIPageTestcases.Prod_LeadsUIPageTest"/>
  <testcase name="VerifyLeads_Messages_ConfigureMessages" time="2.28" classname="com.qa.Prod_IgniteUIPageTestcases.Prod_LeadsUIPageTest"/>
  <testcase name="VerifyLeads_Messages_ScheduleMessages" time="4.377" classname="com.qa.Prod_IgniteUIPageTestcases.Prod_LeadsUIPageTest"/>
  <testcase name="VerifyLeads_Messages_ComposeMessages" time="4.698" classname="com.qa.Prod_IgniteUIPageTestcases.Prod_LeadsUIPageTest"/>
  <testcase name="VerifyLeads_ComposeMessage_CotainerBody" time="2.279" classname="com.qa.Prod_IgniteUIPageTestcases.Prod_LeadsUIPageTest"/>
  <testcase name="VerifyLeads_ComposeMessage_ContainerBody_Files" time="2.196" classname="com.qa.Prod_IgniteUIPageTestcases.Prod_LeadsUIPageTest"/>
  <testcase name="VerifyLeads_ComposeMessage_ContainerBody_Edit" time="36.005" classname="com.qa.Prod_IgniteUIPageTestcases.Prod_LeadsUIPageTest"/>
  <testcase name="VerifyLeads_ComposeMessage_ContainerBody_Insert" time="36.156" classname="com.qa.Prod_IgniteUIPageTestcases.Prod_LeadsUIPageTest"/>
  <testcase name="VerifyLeads_ComposeMessage_ContainerBody_View" time="33.839" classname="com.qa.Prod_IgniteUIPageTestcases.Prod_LeadsUIPageTest"/>
  <testcase name="VerifyLeads_ComposeMessage_ContainerBody_Format" time="33.947" classname="com.qa.Prod_IgniteUIPageTestcases.Prod_LeadsUIPageTest"/>
  <testcase name="VerifyLeads_ComposeMessage_ContainerBody_Table" time="3.886" classname="com.qa.Prod_IgniteUIPageTestcases.Prod_LeadsUIPageTest"/>
  <testcase name="VerifyLeads_ComposeMessage_ContainerBody_Tools" time="3.707" classname="com.qa.Prod_IgniteUIPageTestcases.Prod_LeadsUIPageTest"/>
  <testcase name="VerifyLeads_ComposeMessage_ContainerBody" time="3.131" classname="com.qa.Prod_IgniteUIPageTestcases.Prod_LeadsUIPageTest"/>
  <testcase name="ClickOnLeads_Campaigns" time="4.116" classname="com.qa.Prod_IgniteUIPageTestcases.Prod_LeadsUIPageTest"/>
  <testcase name="VerifyLeads_Campaigns" time="6.944" classname="com.qa.Prod_IgniteUIPageTestcases.Prod_LeadsUIPageTest"/>
  <testcase name="VerifyLeads_Campaigns_ConfigureYourCampaign" time="2.304" classname="com.qa.Prod_IgniteUIPageTestcases.Prod_LeadsUIPageTest"/>
  <testcase name="VerifyLeads_Campaigns_ConfigureYourCampaign_Channel" time="3.981" classname="com.qa.Prod_IgniteUIPageTestcases.Prod_LeadsUIPageTest"/>
  <testcase name="VerifyLeads_Campaigns_ConfigureYourCampaign_Type" time="4.092" classname="com.qa.Prod_IgniteUIPageTestcases.Prod_LeadsUIPageTest"/>
  <testcase name="VerifyLeads_Campaigns_SelectCampaigns_Options" time="11.757" classname="com.qa.Prod_IgniteUIPageTestcases.Prod_LeadsUIPageTest"/>
  <testcase name="VerifyLeads_Campaigns_Campaign_FormFields" time="3.933" classname="com.qa.Prod_IgniteUIPageTestcases.Prod_LeadsUIPageTest"/>
  <testcase name="VerifyLeads_Campaigns_Campaign_FormFieldsAvailableFields" time="4.339" classname="com.qa.Prod_IgniteUIPageTestcases.Prod_LeadsUIPageTest"/>
  <testcase name="VerifyLeads_Campaigns_Campaign_ActiveRules" time="7.876" classname="com.qa.Prod_IgniteUIPageTestcases.Prod_LeadsUIPageTest"/>
  <testcase name="ClickOnLeads_BatchSMS" time="3.577" classname="com.qa.Prod_IgniteUIPageTestcases.Prod_LeadsUIPageTest"/>
  <testcase name="VerifyLeads_BatchSMS" time="2.303" classname="com.qa.Prod_IgniteUIPageTestcases.Prod_LeadsUIPageTest"/>
  <testcase name="ClickOnLeads_Manager" time="2.575" classname="com.qa.Prod_IgniteUIPageTestcases.Prod_LeadsUIPageTest"/>
  <testcase name="VerifyLeads_ManagerTab" time="3.44" classname="com.qa.Prod_IgniteUIPageTestcases.Prod_LeadsUIPageTest"/>
</testsuite> <!-- Prod_LeadsUIPageTest -->
