<?xml version="1.0" encoding="UTF-8"?>
<!-- Generated by org.testng.reporters.JUnitXMLReporter -->
<testsuite hostname="Testriq-L17" ignored="0" name="Prod_FilesUIPageTest" tests="32" failures="0" timestamp="25 Mar 2020 11:23:49 GMT" time="178.658" errors="0">
  <testcase name="clickOnProd_DefaultLocationAndGeostixAutomation" time="40.669" classname="com.qa.Prod_IgniteUIPageTestcases.Prod_FilesUIPageTest"/>
  <testcase name="ClickOnFiles" time="4.188" classname="com.qa.Prod_IgniteUIPageTestcases.Prod_FilesUIPageTest"/>
  <testcase name="Files_UploadTabs" time="4.828" classname="com.qa.Prod_IgniteUIPageTestcases.Prod_FilesUIPageTest"/>
  <testcase name="ClickOnFile_ScheduleTab" time="4.092" classname="com.qa.Prod_IgniteUIPageTestcases.Prod_FilesUIPageTest"/>
  <testcase name="Files_ScheduleTabs" time="3.637" classname="com.qa.Prod_IgniteUIPageTestcases.Prod_FilesUIPageTest"/>
  <testcase name="ClickOnRevert" time="2.113" classname="com.qa.Prod_IgniteUIPageTestcases.Prod_FilesUIPageTest"/>
  <testcase name="VerifyRevertTab" time="5.363" classname="com.qa.Prod_IgniteUIPageTestcases.Prod_FilesUIPageTest"/>
  <testcase name="ClickOnDownloads" time="2.083" classname="com.qa.Prod_IgniteUIPageTestcases.Prod_FilesUIPageTest"/>
  <testcase name="VerifyDownloadsData" time="10.751" classname="com.qa.Prod_IgniteUIPageTestcases.Prod_FilesUIPageTest"/>
  <testcase name="ClickOnAdmin_Downloads" time="2.084" classname="com.qa.Prod_IgniteUIPageTestcases.Prod_FilesUIPageTest"/>
  <testcase name="VerifyAdmin_DownloadsData" time="6.671" classname="com.qa.Prod_IgniteUIPageTestcases.Prod_FilesUIPageTest"/>
  <testcase name="ClickOnHistory" time="2.088" classname="com.qa.Prod_IgniteUIPageTestcases.Prod_FilesUIPageTest"/>
  <testcase name="Verify_HistoryTabData" time="4.74" classname="com.qa.Prod_IgniteUIPageTestcases.Prod_FilesUIPageTest"/>
  <testcase name="ClickOnFieldEditor" time="2.094" classname="com.qa.Prod_IgniteUIPageTestcases.Prod_FilesUIPageTest"/>
  <testcase name="Verify_FieldEditorData" time="4.63" classname="com.qa.Prod_IgniteUIPageTestcases.Prod_FilesUIPageTest"/>
  <testcase name="VerifyFieldEditor_basestorelocatorData" time="4.508" classname="com.qa.Prod_IgniteUIPageTestcases.Prod_FilesUIPageTest"/>
  <testcase name="VerifyFieldEditor_basestorelocatorDiscription" time="2.573" classname="com.qa.Prod_IgniteUIPageTestcases.Prod_FilesUIPageTest"/>
  <testcase name="VerifyFieldEditor_basestorelocatorDiscriptionDetails" time="2.712" classname="com.qa.Prod_IgniteUIPageTestcases.Prod_FilesUIPageTest"/>
  <testcase name="GotoFiles_DataCleansing" time="2.096" classname="com.qa.Prod_IgniteUIPageTestcases.Prod_FilesUIPageTest"/>
  <testcase name="VerifyFiles_DataCleansing" time="4.229" classname="com.qa.Prod_IgniteUIPageTestcases.Prod_FilesUIPageTest"/>
  <testcase name="VerifyFiles_DataCleansing_Start" time="2.219" classname="com.qa.Prod_IgniteUIPageTestcases.Prod_FilesUIPageTest"/>
  <testcase name="VerifyFiles_DataCleansing_FileSetUp" time="2.659" classname="com.qa.Prod_IgniteUIPageTestcases.Prod_FilesUIPageTest"/>
  <testcase name="VerifyFiles_DataCleansing_Options" time="2.627" classname="com.qa.Prod_IgniteUIPageTestcases.Prod_FilesUIPageTest"/>
  <testcase name="VerifyFiles_DataCleansing_Submit" time="2.278" classname="com.qa.Prod_IgniteUIPageTestcases.Prod_FilesUIPageTest"/>
  <testcase name="GotoFiles_DataCleansingHistory" time="2.078" classname="com.qa.Prod_IgniteUIPageTestcases.Prod_FilesUIPageTest"/>
  <testcase name="VerifyFiles_DataCleansingHistory" time="7.771" classname="com.qa.Prod_IgniteUIPageTestcases.Prod_FilesUIPageTest"/>
  <testcase name="GotoFiles_Configuration" time="2.126" classname="com.qa.Prod_IgniteUIPageTestcases.Prod_FilesUIPageTest"/>
  <testcase name="VerifyFiles_Configuration" time="5.044" classname="com.qa.Prod_IgniteUIPageTestcases.Prod_FilesUIPageTest"/>
  <testcase name="VerifyFiles_ConfigurationDetails" time="4.39" classname="com.qa.Prod_IgniteUIPageTestcases.Prod_FilesUIPageTest"/>
  <testcase name="GotoFiles_FieldGroupEditor" time="2.096" classname="com.qa.Prod_IgniteUIPageTestcases.Prod_FilesUIPageTest"/>
  <testcase name="VerifyFiles_FieldGroupEditor" time="8.125" classname="com.qa.Prod_IgniteUIPageTestcases.Prod_FilesUIPageTest"/>
  <testcase name="VerifyFiles_FieldGroupEditor_GroupNameDiscription" time="3.902" classname="com.qa.Prod_IgniteUIPageTestcases.Prod_FilesUIPageTest"/>
</testsuite> <!-- Prod_FilesUIPageTest -->
