<?xml version="1.0" encoding="UTF-8"?>
<!-- Generated by org.testng.reporters.JUnitXMLReporter -->
<testsuite hostname="Testriq-L17" ignored="0" name="Prod_ClaimingUIPageTest" tests="18" failures="0" timestamp="25 Mar 2020 08:03:53 GMT" time="117.433" errors="0">
  <testcase name="clickOnProd_DefaultLocationAndGeostixAutomation" time="31.624" classname="com.qa.Prod_IgniteUIPageTestcases.Prod_ClaimingUIPageTest"/>
  <testcase name="GoToClaiming" time="3.107" classname="com.qa.Prod_IgniteUIPageTestcases.Prod_ClaimingUIPageTest"/>
  <testcase name="VerifyClaiming_ColumnMapTab" time="9.133" classname="com.qa.Prod_IgniteUIPageTestcases.Prod_ClaimingUIPageTest"/>
  <testcase name="VerifyClaiming_ColumnMap_PopUPFormTab" time="2.213" classname="com.qa.Prod_IgniteUIPageTestcases.Prod_ClaimingUIPageTest"/>
  <testcase name="GoToClaiming_OnDemand" time="2.098" classname="com.qa.Prod_IgniteUIPageTestcases.Prod_ClaimingUIPageTest"/>
  <testcase name="VerifyClaiming_OnDemandTab" time="4.345" classname="com.qa.Prod_IgniteUIPageTestcases.Prod_ClaimingUIPageTest"/>
  <testcase name="GoToClaiming_Scheduled" time="2.15" classname="com.qa.Prod_IgniteUIPageTestcases.Prod_ClaimingUIPageTest"/>
  <testcase name="VerifyClaiming_ScheduledTab" time="4.043" classname="com.qa.Prod_IgniteUIPageTestcases.Prod_ClaimingUIPageTest"/>
  <testcase name="GoToClaiming_History" time="2.108" classname="com.qa.Prod_IgniteUIPageTestcases.Prod_ClaimingUIPageTest"/>
  <testcase name="VerifyClaiming_HistoryTab" time="6.206" classname="com.qa.Prod_IgniteUIPageTestcases.Prod_ClaimingUIPageTest"/>
  <testcase name="GoToClaiming_Config" time="2.101" classname="com.qa.Prod_IgniteUIPageTestcases.Prod_ClaimingUIPageTest"/>
  <testcase name="VerifyClaiming_ConfigurationTab" time="6.229" classname="com.qa.Prod_IgniteUIPageTestcases.Prod_ClaimingUIPageTest"/>
  <testcase name="GoToClaiming_ImportData" time="2.105" classname="com.qa.Prod_IgniteUIPageTestcases.Prod_ClaimingUIPageTest"/>
  <testcase name="VerifyClaiming_ImportDataTab" time="4.774" classname="com.qa.Prod_IgniteUIPageTestcases.Prod_ClaimingUIPageTest"/>
  <testcase name="GoToClaiming_ImportHistory" time="2.106" classname="com.qa.Prod_IgniteUIPageTestcases.Prod_ClaimingUIPageTest"/>
  <testcase name="VerifyClaiming_ImportHistoryTab" time="8.165" classname="com.qa.Prod_IgniteUIPageTestcases.Prod_ClaimingUIPageTest"/>
  <testcase name="GoToClaiming_DataOverride" time="2.102" classname="com.qa.Prod_IgniteUIPageTestcases.Prod_ClaimingUIPageTest"/>
  <testcase name="VerifyClaiming_DataOverrideTab" time="7.782" classname="com.qa.Prod_IgniteUIPageTestcases.Prod_ClaimingUIPageTest"/>
</testsuite> <!-- Prod_ClaimingUIPageTest -->
