<?xml version="1.0" encoding="UTF-8"?>
<!-- Generated by org.testng.reporters.JUnitXMLReporter -->
<testsuite hostname="Testriq-L17" ignored="0" name="Test6" tests="7" failures="0" timestamp="13 Mar 2020 09:08:38 GMT" time="47.791" errors="0">
  <testcase name="clickOnDefaultLocationAndGeostixAutomation" time="15.811" classname="com.qa.IgniteTestcases.ReportsUIPageTest"/>
  <testcase name="ClickonReports" time="2.154" classname="com.qa.IgniteTestcases.ReportsUIPageTest"/>
  <testcase name="VerifyReportsTab" time="8.099" classname="com.qa.IgniteTestcases.ReportsUIPageTest"/>
  <testcase name="VerifyReport_ReportsTab" time="3.434" classname="com.qa.IgniteTestcases.ReportsUIPageTest"/>
  <testcase name="VerifyReport_LocalIntelligenceAnalysis" time="2.029" classname="com.qa.IgniteTestcases.ReportsUIPageTest"/>
  <testcase name="VerifyReport_FlexMonster" time="2.046" classname="com.qa.IgniteTestcases.ReportsUIPageTest"/>
  <testcase name="VerifyReport_InstantUpdateReport" time="6.554" classname="com.qa.IgniteTestcases.ReportsUIPageTest"/>
</testsuite> <!-- Test6 -->
