<?xml version="1.0" encoding="UTF-8"?>
<!-- Generated by org.testng.reporters.JUnitXMLReporter -->
<testsuite hostname="Testriq-L17" ignored="0" name="Test23" tests="3" failures="0" timestamp="17 Mar 2020 09:14:55 GMT" time="37.84" errors="0">
  <testcase name="clickOnProd_DefaultLocationAndGeostixAutomation" time="17.532" classname="com.qa.Prod_IgniteUIPageTestcases.Prod_HelpUIPageTest"/>
  <testcase name="ClickOnHelpTab" time="2.096" classname="com.qa.Prod_IgniteUIPageTestcases.Prod_HelpUIPageTest"/>
  <testcase name="VerifyRedirectedHelpTab" time="9.132" classname="com.qa.Prod_IgniteUIPageTestcases.Prod_HelpUIPageTest"/>
</testsuite> <!-- Test23 -->
