<?xml version="1.0" encoding="UTF-8"?>
<!-- Generated by org.testng.reporters.JUnitXMLReporter -->
<testsuite hostname="Testriq-L17" ignored="0" name="Test2" tests="9" failures="0" timestamp="13 Mar 2020 09:02:34 GMT" time="74.329" errors="0">
  <testcase name="clickOnDefaultLocationAndGeostixAutomation" time="12.872" classname="com.qa.IgniteTestcases.LocationUIPageTest"/>
  <testcase name="VerifyLocationPage" time="2.188" classname="com.qa.IgniteTestcases.LocationUIPageTest"/>
  <testcase name="LocationManager" time="3.197" classname="com.qa.IgniteTestcases.LocationUIPageTest"/>
  <testcase name="LocationManager_AdvanceSearch" time="10.79" classname="com.qa.IgniteTestcases.LocationUIPageTest"/>
  <testcase name="LocationManager_AdvanceSearchTextFields" time="6.407" classname="com.qa.IgniteTestcases.LocationUIPageTest"/>
  <testcase name="LocationManager_AddLocation" time="11.118" classname="com.qa.IgniteTestcases.LocationUIPageTest"/>
  <testcase name="LocationManager_AddLocationTextField" time="7.889" classname="com.qa.IgniteTestcases.LocationUIPageTest"/>
  <testcase name="VerifyNewDealerApprovalQueue" time="4.491" classname="com.qa.IgniteTestcases.LocationUIPageTest"/>
  <testcase name="VerifySocialLocationManager" time="7.57" classname="com.qa.IgniteTestcases.LocationUIPageTest"/>
</testsuite> <!-- Test2 -->
